<?xml version="1.0" encoding="UTF-8"?>
<!-- Generated by org.testng.reporters.JUnitXMLReporter -->
<testsuite ignored="0" hostname="DESKTOP-2KCSDN3" failures="0" tests="4" name="Default test" time="9.055" errors="0" timestamp="2023-05-26T16:11:16 BDT">
  <testcase classname="Day1.HTTPRequests" name="getusers" time="6.054"/>
  <testcase classname="Day1.HTTPRequests" name="createuser" time="1.62"/>
  <testcase classname="Day1.HTTPRequests" name="updateUser" time="0.63"/>
  <testcase classname="Day1.HTTPRequests" name="deleteUser" time="0.611"/>
</testsuite> <!-- Default test -->
